<?xml version="1.0" encoding="UTF-8"?>
<!-- Generated by org.testng.reporters.JUnitReportReporter -->
<testsuite hostname="milind-Latitude-3420" failures="0" tests="3" name="TestCases.TestAssignment3" time="0.002" errors="0" timestamp="2023-09-24T09:07:08 IST" skipped="0">
  <testcase classname="TestCases.TestAssignment3" name="m2" time="0.001"/>
  <testcase classname="TestCases.TestAssignment3" name="m1" time="0.001"/>
  <testcase classname="TestCases.TestAssignment3" name="m1" time="0.000"/>
</testsuite> <!-- TestCases.TestAssignment3 -->
