<?xml version="1.0" encoding="UTF-8"?>
<!-- Generated by org.testng.reporters.JUnitReportReporter -->
<testsuite hostname="milind-Latitude-3420" failures="0" tests="1" name="TestCases.TestAssignment2" time="25.894" errors="0" timestamp="2023-09-24T09:07:08 IST" skipped="0">
  <testcase classname="TestCases.TestAssignment2" name="assignment_2" time="25.894"/>
</testsuite> <!-- TestCases.TestAssignment2 -->
