<?xml version="1.0" encoding="UTF-8"?>
<!-- Generated by org.testng.reporters.JUnitReportReporter -->
<testsuite hostname="milind-Latitude-3420" failures="0" tests="1" name="TestCases.TestAssignment2" time="21.505" errors="0" timestamp="2023-12-09T22:06:17 IST" skipped="0">
  <testcase classname="TestCases.TestAssignment2" name="assignment_2" time="21.505"/>
</testsuite> <!-- TestCases.TestAssignment2 -->
