<?xml version="1.0" encoding="UTF-8"?>
<!-- Generated by org.testng.reporters.JUnitReportReporter -->
<testsuite hostname="milind-Latitude-3420" failures="0" tests="1" name="TestCases.TestAssignment1" time="17.030" errors="0" timestamp="2023-12-09T19:26:52 IST" skipped="0">
  <testcase classname="TestCases.TestAssignment1" name="assignment_1" time="17.030"/>
</testsuite> <!-- TestCases.TestAssignment1 -->
