<?xml version="1.0" encoding="UTF-8"?>
<!-- Generated by org.testng.reporters.JUnitReportReporter -->
<testsuite hostname="milind-Latitude-3420" failures="0" tests="3" name="TestCases.TestAssignment3" time="0.020" errors="0" timestamp="2023-12-09T18:14:42 IST" skipped="0">
  <testcase classname="TestCases.TestAssignment3" name="m2" time="0.002"/>
  <testcase classname="TestCases.TestAssignment3" name="m1" time="0.017"/>
  <testcase classname="TestCases.TestAssignment3" name="m1" time="0.001"/>
</testsuite> <!-- TestCases.TestAssignment3 -->
