<?xml version="1.0" encoding="UTF-8"?>
<!-- Generated by org.testng.reporters.JUnitReportReporter -->
<testsuite hostname="milind-Latitude-3420" failures="0" tests="1" name="TestCases.TestAssignment1" time="29.782" errors="0" timestamp="2023-12-09T22:13:41 IST" skipped="0">
  <testcase classname="TestCases.TestAssignment1" name="assignment_1" time="29.782"/>
</testsuite> <!-- TestCases.TestAssignment1 -->
