<?xml version="1.0" encoding="UTF-8"?>
<!-- Generated by org.testng.reporters.JUnitReportReporter -->
<testsuite hostname="milind-Latitude-3420" failures="0" tests="1" name="TestCases.TestAssignment1" time="15.407" errors="0" timestamp="2023-09-24T12:45:22 IST" skipped="0">
  <testcase classname="TestCases.TestAssignment1" name="assignment_1" time="15.407"/>
  <system-out/>
</testsuite> <!-- TestCases.TestAssignment1 -->
