<?xml version="1.0" encoding="UTF-8"?>
<!-- Generated by org.testng.reporters.JUnitReportReporter -->
<testsuite hostname="milind-Latitude-3420" failures="0" tests="9" name="Programes.TestClass" time="0.022" errors="0" timestamp="2023-09-24T12:45:22 IST" skipped="0">
  <testcase classname="Programes.TestClass" name="reverseNumber" time="0.005"/>
  <system-out/>
  <testcase classname="Programes.TestClass" name="positiveOrNegative" time="0.003"/>
  <system-out/>
  <testcase classname="Programes.TestClass" name="alphabetCheck" time="0.001"/>
  <system-out/>
  <testcase classname="Programes.TestClass" name="sumOfNaturalNumbers" time="0.001"/>
  <system-out/>
  <testcase classname="Programes.TestClass" name="factorial" time="0.004"/>
  <system-out/>
  <testcase classname="Programes.TestClass" name="mutiplicationTable" time="0.006"/>
  <system-out/>
  <testcase classname="Programes.TestClass" name="fibionacciNumber" time="0.001"/>
  <system-out/>
  <testcase classname="Programes.TestClass" name="allCharectoers" time="0.001"/>
  <system-out/>
  <testcase classname="Programes.TestClass" name="numberCount" time="0.000"/>
  <system-out/>
</testsuite> <!-- Programes.TestClass -->
